<?xml version="1.0" encoding="UTF-8"?>
<!-- Generated by org.testng.reporters.JUnitReportReporter -->
<testsuite hostname="DESKTOP-ET7TTIO" failures="0" tests="1" name="suite.velocity1" time="27.464" errors="0" timestamp="2023-01-03T10:55:41 IST" skipped="0">
  <testcase classname="suite.velocity1" name="demo1" time="27.464"/>
  <system-out>
    <![CDATA[demo 1 here]]>
  </system-out>
</testsuite> <!-- suite.velocity1 -->
