<?xml version="1.0" encoding="UTF-8"?>
<!-- Generated by org.testng.reporters.JUnitReportReporter -->
<testsuite hostname="DESKTOP-ET7TTIO" failures="0" tests="3" name="invocation_count.a2" time="0.031" errors="0" timestamp="2023-01-04T15:47:04 IST" skipped="0">
  <testcase classname="invocation_count.a2" name="m11" time="0.002"/>
  <system-out>
    <![CDATA[hello]]>
  </system-out>
  <testcase classname="invocation_count.a2" name="m11" time="0.027"/>
  <system-out>
    <![CDATA[hello]]>
  </system-out>
  <testcase classname="invocation_count.a2" name="m11" time="0.002"/>
  <system-out>
    <![CDATA[hello]]>
  </system-out>
</testsuite> <!-- invocation_count.a2 -->
