<?xml version="1.0" encoding="UTF-8"?>
<!-- Generated by org.testng.reporters.JUnitReportReporter -->
<testsuite hostname="DESKTOP-ET7TTIO" failures="0" tests="2" name="TestNG_timeOuts.a1" time="0.029" errors="0" timestamp="2023-01-02T12:26:21 IST" skipped="0">
  <testcase classname="TestNG_timeOuts.a1" name="cat" time="0.020"/>
  <system-out>
    <![CDATA[1]]>
  </system-out>
  <testcase classname="TestNG_timeOuts.a1" name="cat1" time="0.009"/>
  <system-out>
    <![CDATA[2]]>
  </system-out>
</testsuite> <!-- TestNG_timeOuts.a1 -->
