<?xml version="1.0" encoding="UTF-8"?>
<!-- Generated by org.testng.reporters.JUnitReportReporter -->
<testsuite hostname="DESKTOP-ET7TTIO" failures="0" tests="1" name="asset_methods.assert_false$asser_true" time="0.025" errors="0" timestamp="2023-01-06T16:52:05 IST" skipped="0">
  <testcase classname="asset_methods.assert_false$asser_true" name="t1" time="0.025"/>
  <system-out>
    <![CDATA[running t1]]>
  </system-out>
</testsuite> <!-- asset_methods.assert_false$asser_true -->
