<?xml version="1.0" encoding="UTF-8"?>
<!-- Generated by org.testng.reporters.JUnitReportReporter -->
<testsuite hostname="DESKTOP-ET7TTIO" failures="0" tests="3" name="TestNG_Priority.a5" time="0.030" errors="0" timestamp="2023-01-04T16:00:36 IST" skipped="0">
  <testcase classname="TestNG_Priority.a5" name="akshay" time="0.021"/>
  <system-out>
    <![CDATA[TC3]]>
  </system-out>
  <testcase classname="TestNG_Priority.a5" name="testcase2" time="0.005"/>
  <system-out>
    <![CDATA[TC2]]>
  </system-out>
  <testcase classname="TestNG_Priority.a5" name="testcase1" time="0.004"/>
  <system-out>
    <![CDATA[TC1]]>
  </system-out>
</testsuite> <!-- TestNG_Priority.a5 -->
