<?xml version="1.0" encoding="UTF-8"?>
<!-- Generated by org.testng.reporters.JUnitReportReporter -->
<testsuite hostname="DESKTOP-ET7TTIO" failures="0" tests="1" name="parallel_Execution.b2" time="16.031" errors="0" timestamp="2023-01-02T22:25:17 IST" skipped="0">
  <testcase classname="parallel_Execution.b2" name="sample2" time="16.031"/>
  <system-out>
    <![CDATA[facebook running]]>
  </system-out>
</testsuite> <!-- parallel_Execution.b2 -->
