<?xml version="1.0" encoding="UTF-8"?>
<!-- Generated by org.testng.reporters.JUnitReportReporter -->
<testsuite hostname="DESKTOP-ET7TTIO" failures="0" tests="2" name="TestNG_timeOuts.a3" time="0.033" errors="0" timestamp="2023-01-02T13:06:07 IST" skipped="0">
  <testcase classname="TestNG_timeOuts.a3" name="test1" time="0.003"/>
  <system-out>
    <![CDATA[2]]>
  </system-out>
  <testcase classname="TestNG_timeOuts.a3" name="test" time="0.030"/>
  <system-out>
    <![CDATA[1]]>
  </system-out>
</testsuite> <!-- TestNG_timeOuts.a3 -->
