<?xml version="1.0" encoding="UTF-8"?>
<!-- Generated by org.testng.reporters.JUnitReportReporter -->
<testsuite hostname="DESKTOP-ET7TTIO" failures="0" tests="2" name="TestNG_enabled.a7" time="0.021" errors="0" timestamp="2023-01-02T12:19:05 IST" skipped="1">
  <testcase classname="TestNG_enabled.a7" name="vel1" time="0.021"/>
  <system-out>
    <![CDATA[1]]>
  </system-out>
  <testcase classname="TestNG_enabled.a7" name="vel2">
    <skipped/>
  </testcase> <!-- vel2 -->
  <system-out/>
</testsuite> <!-- TestNG_enabled.a7 -->
