<?xml version="1.0" encoding="UTF-8"?>
<!-- Generated by org.testng.reporters.JUnitReportReporter -->
<testsuite hostname="DESKTOP-ET7TTIO" failures="0" tests="9" name="invocation_count.a3" time="0.042" errors="0" timestamp="2023-01-02T11:35:11 IST" skipped="0">
  <testcase classname="invocation_count.a3" name="testCase" time="0.002"/>
  <system-out>
    <![CDATA[hello]]>
  </system-out>
  <testcase classname="invocation_count.a3" name="testCase" time="0.002"/>
  <system-out>
    <![CDATA[hello]]>
  </system-out>
  <testcase classname="invocation_count.a3" name="testCase" time="0.021"/>
  <system-out>
    <![CDATA[hello]]>
  </system-out>
  <testcase classname="invocation_count.a3" name="testCase" time="0.002"/>
  <system-out>
    <![CDATA[hello]]>
  </system-out>
  <testcase classname="invocation_count.a3" name="testCase" time="0.002"/>
  <system-out>
    <![CDATA[hello]]>
  </system-out>
  <testcase classname="invocation_count.a3" name="testCase" time="0.002"/>
  <system-out>
    <![CDATA[hello]]>
  </system-out>
  <testcase classname="invocation_count.a3" name="testCase" time="0.006"/>
  <system-out>
    <![CDATA[hello]]>
  </system-out>
  <testcase classname="invocation_count.a3" name="testCase" time="0.003"/>
  <system-out>
    <![CDATA[hello]]>
  </system-out>
  <testcase classname="invocation_count.a3" name="testCase" time="0.002"/>
  <system-out>
    <![CDATA[hello]]>
  </system-out>
</testsuite> <!-- invocation_count.a3 -->
