<?xml version="1.0" encoding="UTF-8"?>
<!-- Generated by org.testng.reporters.JUnitReportReporter -->
<testsuite hostname="DESKTOP-ET7TTIO" failures="0" tests="2" name="TestNG_enabled.a8" time="0.021" errors="0" timestamp="2023-01-02T12:21:27 IST" skipped="1">
  <testcase classname="TestNG_enabled.a8" name="dog2" time="0.021"/>
  <system-out>
    <![CDATA[2]]>
  </system-out>
  <testcase classname="TestNG_enabled.a8" name="dog1">
    <skipped/>
  </testcase> <!-- dog1 -->
  <system-out/>
</testsuite> <!-- TestNG_enabled.a8 -->
