<?xml version="1.0" encoding="UTF-8"?>
<!-- Generated by org.testng.reporters.JUnitReportReporter -->
<testsuite hostname="DESKTOP-ET7TTIO" failures="0" tests="1" name="suite.velocity2" time="21.944" errors="0" timestamp="2023-01-03T10:55:42 IST" skipped="0">
  <testcase classname="suite.velocity2" name="demo2" time="21.944"/>
  <system-out>
    <![CDATA[Gorest here]]>
  </system-out>
</testsuite> <!-- suite.velocity2 -->
