<?xml version="1.0" encoding="UTF-8"?>
<!-- Generated by org.testng.reporters.JUnitReportReporter -->
<testsuite hostname="DESKTOP-ET7TTIO" failures="0" tests="2" name="TestNG_enabled.a9" time="0.023" errors="0" timestamp="2023-01-02T12:14:39 IST" skipped="1">
  <testcase classname="TestNG_enabled.a9" name="test1" time="0.023"/>
  <system-out>
    <![CDATA[1]]>
  </system-out>
  <testcase classname="TestNG_enabled.a9" name="test2">
    <skipped/>
  </testcase> <!-- test2 -->
  <system-out/>
</testsuite> <!-- TestNG_enabled.a9 -->
