<?xml version="1.0" encoding="UTF-8"?>
<!-- Generated by org.testng.reporters.JUnitReportReporter -->
<testsuite hostname="DESKTOP-ET7TTIO" failures="0" tests="1" name="suite.akshay1" time="19.580" errors="0" timestamp="2023-01-03T13:14:25 IST" skipped="0">
  <testcase classname="suite.akshay1" name="temp1" time="19.580"/>
  <system-out>
    <![CDATA[Google running]]>
  </system-out>
</testsuite> <!-- suite.akshay1 -->
