<?xml version="1.0" encoding="UTF-8"?>
<!-- Generated by org.testng.reporters.JUnitReportReporter -->
<testsuite hostname="DESKTOP-ET7TTIO" failures="0" tests="2" name="dependsonmethod.a2" time="0.026" errors="0" timestamp="2023-01-02T10:12:35 IST" skipped="0">
  <testcase classname="dependsonmethod.a2" name="login" time="0.023"/>
  <system-out>
    <![CDATA[Running login]]>
  </system-out>
  <testcase classname="dependsonmethod.a2" name="logout" time="0.003"/>
  <system-out>
    <![CDATA[Running logout]]>
  </system-out>
</testsuite> <!-- dependsonmethod.a2 -->
