<?xml version="1.0" encoding="UTF-8"?>
<!-- Generated by org.testng.reporters.JUnitReportReporter -->
<testsuite hostname="DESKTOP-ET7TTIO" failures="0" tests="3" name="suite.sample1" time="0.038" errors="0" timestamp="2023-01-02T21:12:11 IST" skipped="0">
  <testcase classname="suite.sample1" name="test2" time="0.005"/>
  <system-out>
    <![CDATA[test case2]]>
  </system-out>
  <testcase classname="suite.sample1" name="test1" time="0.030"/>
  <system-out>
    <![CDATA[test case1]]>
  </system-out>
  <testcase classname="suite.sample1" name="test3" time="0.003"/>
  <system-out>
    <![CDATA[test case3]]>
  </system-out>
</testsuite> <!-- suite.sample1 -->
