<?xml version="1.0" encoding="UTF-8"?>
<!-- Generated by org.testng.reporters.JUnitReportReporter -->
<testsuite hostname="DESKTOP-ET7TTIO" failures="0" tests="4" name="invocation_count.a4" time="0.029" errors="0" timestamp="2023-01-02T11:33:14 IST" skipped="0">
  <testcase classname="invocation_count.a4" name="page1" time="0.002"/>
  <system-out>
    <![CDATA[Execute Test Case]]>
  </system-out>
  <testcase classname="invocation_count.a4" name="page1" time="0.022"/>
  <system-out>
    <![CDATA[Execute Test Case]]>
  </system-out>
  <testcase classname="invocation_count.a4" name="page1" time="0.002"/>
  <system-out>
    <![CDATA[Execute Test Case]]>
  </system-out>
  <testcase classname="invocation_count.a4" name="page1" time="0.003"/>
  <system-out>
    <![CDATA[Execute Test Case]]>
  </system-out>
</testsuite> <!-- invocation_count.a4 -->
