<?xml version="1.0" encoding="UTF-8"?>
<!-- Generated by org.testng.reporters.JUnitReportReporter -->
<testsuite hostname="DESKTOP-ET7TTIO" failures="0" tests="3" name="TestNG_timeOuts.b1" time="0.035" errors="0" timestamp="2023-01-02T15:13:24 IST" skipped="0">
  <testcase classname="TestNG_timeOuts.b1" name="test3" time="0.002"/>
  <system-out>
    <![CDATA[1]]>
  </system-out>
  <testcase classname="TestNG_timeOuts.b1" name="test2" time="0.028"/>
  <system-out>
    <![CDATA[2]]>
  </system-out>
  <testcase classname="TestNG_timeOuts.b1" name="test" time="0.005"/>
  <system-out>
    <![CDATA[3]]>
  </system-out>
</testsuite> <!-- TestNG_timeOuts.b1 -->
