<?xml version="1.0" encoding="UTF-8"?>
<!-- Generated by org.testng.reporters.JUnitReportReporter -->
<testsuite hostname="DESKTOP-ET7TTIO" failures="0" tests="2" name="compatibility_teting.multibrowsers" time="81.010" errors="0" timestamp="2023-01-09T11:39:42 IST" skipped="0">
  <testcase classname="compatibility_teting.multibrowsers" name="TC" time="40.917"/>
  <system-out/>
  <testcase classname="compatibility_teting.multibrowsers" name="TC" time="40.093"/>
  <system-out/>
</testsuite> <!-- compatibility_teting.multibrowsers -->
