<?xml version="1.0" encoding="UTF-8"?>
<!-- Generated by org.testng.reporters.JUnitReportReporter -->
<testsuite hostname="DESKTOP-ET7TTIO" failures="0" tests="5" name="testng.test4" time="88.014" errors="0" timestamp="2022-12-28T12:31:42 IST" skipped="0">
  <testcase classname="testng.test4" name="tc5" time="30.372"/>
  <system-out>
    <![CDATA[TC5]]>
  </system-out>
  <testcase classname="testng.test4" name="tc2" time="6.421"/>
  <system-out>
    <![CDATA[TC2]]>
  </system-out>
  <testcase classname="testng.test4" name="tc1" time="12.970"/>
  <system-out>
    <![CDATA[TC1]]>
  </system-out>
  <testcase classname="testng.test4" name="tc3" time="11.031"/>
  <system-out>
    <![CDATA[TC3,true]]>
  </system-out>
  <testcase classname="testng.test4" name="tc4" time="27.220"/>
  <system-out>
    <![CDATA[TC4]]>
  </system-out>
</testsuite> <!-- testng.test4 -->
