<?xml version="1.0" encoding="UTF-8"?>
<!-- Generated by org.testng.reporters.JUnitReportReporter -->
<testsuite hostname="DESKTOP-ET7TTIO" failures="0" tests="3" name="TestNG_enabled.a10" time="0.024" errors="0" timestamp="2023-01-02T12:03:47 IST" skipped="1">
  <testcase classname="TestNG_enabled.a10" name="demo2" time="0.003"/>
  <system-out>
    <![CDATA[C]]>
  </system-out>
  <testcase classname="TestNG_enabled.a10" name="demo" time="0.021"/>
  <system-out>
    <![CDATA[A]]>
  </system-out>
  <testcase classname="TestNG_enabled.a10" name="demo1">
    <skipped/>
  </testcase> <!-- demo1 -->
  <system-out/>
</testsuite> <!-- TestNG_enabled.a10 -->
