<?xml version="1.0" encoding="UTF-8"?>
<!-- Generated by org.testng.reporters.JUnitReportReporter -->
<testsuite hostname="DESKTOP-ET7TTIO" failures="0" tests="2" name="invocation_count.a5" time="0.029" errors="0" timestamp="2023-01-02T11:31:20 IST" skipped="0">
  <testcase classname="invocation_count.a5" name="go" time="0.003"/>
  <system-out>
    <![CDATA[hi team]]>
  </system-out>
  <testcase classname="invocation_count.a5" name="go" time="0.026"/>
  <system-out>
    <![CDATA[hi team]]>
  </system-out>
</testsuite> <!-- invocation_count.a5 -->
