<?xml version="1.0" encoding="UTF-8"?>
<!-- Generated by org.testng.reporters.JUnitReportReporter -->
<testsuite hostname="DESKTOP-ET7TTIO" failures="0" tests="5" name="Test_Annotations.a1" time="0.049" errors="0" timestamp="2022-12-29T07:21:57 IST" skipped="0">
  <testcase classname="Test_Annotations.a1" name="m1" time="0.007"/>
  <system-out>
    <![CDATA[hi count]]>
  </system-out>
  <testcase classname="Test_Annotations.a1" name="m1" time="0.020"/>
  <system-out>
    <![CDATA[hi count]]>
  </system-out>
  <testcase classname="Test_Annotations.a1" name="m1" time="0.007"/>
  <system-out>
    <![CDATA[hi count]]>
  </system-out>
  <testcase classname="Test_Annotations.a1" name="m1" time="0.008"/>
  <system-out>
    <![CDATA[hi count]]>
  </system-out>
  <testcase classname="Test_Annotations.a1" name="m1" time="0.007"/>
  <system-out>
    <![CDATA[hi count]]>
  </system-out>
</testsuite> <!-- Test_Annotations.a1 -->
