<?xml version="1.0" encoding="UTF-8"?>
<!-- Generated by org.testng.reporters.JUnitReportReporter -->
<testsuite hostname="DESKTOP-ET7TTIO" failures="0" tests="1" name="parallel_Execution.b1" time="21.471" errors="0" timestamp="2023-01-02T22:25:17 IST" skipped="0">
  <testcase classname="parallel_Execution.b1" name="sample1" time="21.471"/>
  <system-out>
    <![CDATA[actitime is there]]>
  </system-out>
</testsuite> <!-- parallel_Execution.b1 -->
