<?xml version="1.0" encoding="UTF-8"?>
<!-- Generated by org.testng.reporters.JUnitReportReporter -->
<testsuite hostname="DESKTOP-ET7TTIO" failures="0" tests="2" name="TestNG_timeOuts.a2" time="0.029" errors="0" timestamp="2023-01-02T12:28:41 IST" skipped="0">
  <testcase classname="TestNG_timeOuts.a2" name="mouse" time="0.002"/>
  <system-out>
    <![CDATA[2]]>
  </system-out>
  <testcase classname="TestNG_timeOuts.a2" name="cat" time="0.027"/>
  <system-out>
    <![CDATA[1]]>
  </system-out>
</testsuite> <!-- TestNG_timeOuts.a2 -->
