<?xml version="1.0" encoding="UTF-8"?>
<!-- Generated by org.testng.reporters.JUnitReportReporter -->
<testsuite hostname="DESKTOP-ET7TTIO" failures="0" tests="3" name="TestNG_Priority.a6" time="0.033" errors="0" timestamp="2023-01-04T15:59:05 IST" skipped="0">
  <testcase classname="TestNG_Priority.a6" name="call1" time="0.026"/>
  <system-out>
    <![CDATA[1]]>
  </system-out>
  <testcase classname="TestNG_Priority.a6" name="call2" time="0.003"/>
  <system-out>
    <![CDATA[2]]>
  </system-out>
  <testcase classname="TestNG_Priority.a6" name="call3" time="0.004"/>
  <system-out>
    <![CDATA[3]]>
  </system-out>
</testsuite> <!-- TestNG_Priority.a6 -->
