<?xml version="1.0" encoding="UTF-8"?>
<!-- Generated by org.testng.reporters.JUnitReportReporter -->
<testsuite hostname="DESKTOP-ET7TTIO" failures="0" tests="1" name="compatibility_teting.f2" time="11.187" errors="0" timestamp="2023-01-06T11:20:42 IST" skipped="0">
  <testcase classname="compatibility_teting.f2" name="tc1" time="11.187"/>
  <system-out/>
</testsuite> <!-- compatibility_teting.f2 -->
