<?xml version="1.0" encoding="UTF-8"?>
<!-- Generated by org.testng.reporters.JUnitReportReporter -->
<testsuite hostname="DESKTOP-ET7TTIO" failures="0" tests="2" name="TestNG_enabled.a5" time="0.022" errors="0" timestamp="2023-01-02T12:16:49 IST" skipped="1">
  <testcase classname="TestNG_enabled.a5" name="case1" time="0.022"/>
  <system-out>
    <![CDATA[1]]>
  </system-out>
  <testcase classname="TestNG_enabled.a5" name="case2">
    <skipped/>
  </testcase> <!-- case2 -->
  <system-out/>
</testsuite> <!-- TestNG_enabled.a5 -->
