<?xml version="1.0" encoding="UTF-8"?>
<!-- Generated by org.testng.reporters.JUnitReportReporter -->
<testsuite hostname="DESKTOP-ET7TTIO" failures="0" tests="1" name="compatibility_teting.old" time="18.536" errors="0" timestamp="2023-01-31T18:50:04 IST" skipped="0">
  <testcase classname="compatibility_teting.old" name="tc" time="18.536"/>
  <system-out/>
</testsuite> <!-- compatibility_teting.old -->
