<?xml version="1.0" encoding="UTF-8"?>
<!-- Generated by org.testng.reporters.JUnitReportReporter -->
<testsuite hostname="DESKTOP-ET7TTIO" failures="0" tests="1" name="asset_methods.Assert_notEquals" time="0.023" errors="0" timestamp="2023-01-09T11:59:21 IST" skipped="0">
  <testcase classname="asset_methods.Assert_notEquals" name="m1" time="0.023"/>
  <system-out>
    <![CDATA[running m1]]>
  </system-out>
</testsuite> <!-- asset_methods.Assert_notEquals -->
