<?xml version="1.0" encoding="UTF-8"?>
<!-- Generated by org.testng.reporters.JUnitReportReporter -->
<testsuite hostname="DESKTOP-ET7TTIO" failures="0" tests="3" name="TestNG_enabled.a6" time="0.030" errors="0" timestamp="2023-01-02T12:09:53 IST" skipped="1">
  <testcase classname="TestNG_enabled.a6" name="record1" time="0.028"/>
  <system-out>
    <![CDATA[1]]>
  </system-out>
  <testcase classname="TestNG_enabled.a6" name="record2" time="0.002"/>
  <system-out>
    <![CDATA[2]]>
  </system-out>
  <testcase classname="TestNG_enabled.a6" name="record3">
    <skipped/>
  </testcase> <!-- record3 -->
  <system-out/>
</testsuite> <!-- TestNG_enabled.a6 -->
