<?xml version="1.0" encoding="UTF-8"?>
<!-- Generated by org.testng.reporters.JUnitReportReporter -->
<testsuite hostname="DESKTOP-ET7TTIO" failures="0" tests="2" name="TestNG_Priority.a2" time="0.027" errors="0" timestamp="2023-01-04T15:52:11 IST" skipped="0">
  <testcase classname="TestNG_Priority.a2" name="call1" time="0.022"/>
  <system-out>
    <![CDATA[tc2]]>
  </system-out>
  <testcase classname="TestNG_Priority.a2" name="call" time="0.005"/>
  <system-out>
    <![CDATA[tc1]]>
  </system-out>
</testsuite> <!-- TestNG_Priority.a2 -->
