<?xml version="1.0" encoding="UTF-8"?>
<!-- Generated by org.testng.reporters.JUnitReportReporter -->
<testsuite hostname="DESKTOP-ET7TTIO" failures="0" tests="2" name="testng.test5" time="31.651" errors="0" timestamp="2022-12-28T15:49:49 IST" skipped="0">
  <testcase classname="testng.test5" name="m2" time="14.686"/>
  <system-out>
    <![CDATA[m2 test case ]]>
  </system-out>
  <testcase classname="testng.test5" name="m1" time="16.965"/>
  <system-out>
    <![CDATA[m1 test case]]>
  </system-out>
</testsuite> <!-- testng.test5 -->
