<?xml version="1.0" encoding="UTF-8"?>
<!-- Generated by org.testng.reporters.JUnitReportReporter -->
<testsuite hostname="DESKTOP-ET7TTIO" failures="0" tests="2" name="TestNG_timeOuts.a4" time="0.090" errors="0" timestamp="2023-01-02T13:09:14 IST" skipped="0">
  <testcase classname="TestNG_timeOuts.a4" name="call2" time="0.025"/>
  <system-out>
    <![CDATA[2]]>
  </system-out>
  <testcase classname="TestNG_timeOuts.a4" name="call1" time="0.065"/>
  <system-out>
    <![CDATA[1]]>
  </system-out>
</testsuite> <!-- TestNG_timeOuts.a4 -->
