<?xml version="1.0" encoding="UTF-8"?>
<!-- Generated by org.testng.reporters.JUnitReportReporter -->
<testsuite hostname="DESKTOP-ET7TTIO" failures="0" tests="2" name="testng.b1" time="0.019" errors="0" timestamp="2023-01-02T14:26:14 IST" skipped="1">
  <testcase classname="testng.b1" name="tc2" time="0.019"/>
  <system-out>
    <![CDATA[TEST CASE2]]>
  </system-out>
  <testcase classname="testng.b1" name="VerifyText">
    <skipped/>
  </testcase> <!-- VerifyText -->
  <system-out/>
</testsuite> <!-- testng.b1 -->
