<?xml version="1.0" encoding="UTF-8"?>
<!-- Generated by org.testng.reporters.JUnitReportReporter -->
<testsuite hostname="DESKTOP-ET7TTIO" failures="0" tests="3" name="TestNG_Priority.a1" time="0.028" errors="0" timestamp="2023-01-02T11:39:33 IST" skipped="0">
  <testcase classname="TestNG_Priority.a1" name="test2" time="0.023"/>
  <system-out>
    <![CDATA[TC 2]]>
  </system-out>
  <testcase classname="TestNG_Priority.a1" name="test3" time="0.002"/>
  <system-out>
    <![CDATA[TC 3]]>
  </system-out>
  <testcase classname="TestNG_Priority.a1" name="test1" time="0.003"/>
  <system-out>
    <![CDATA[TC 1]]>
  </system-out>
</testsuite> <!-- TestNG_Priority.a1 -->
