<?xml version="1.0" encoding="UTF-8"?>
<!-- Generated by org.testng.reporters.JUnitReportReporter -->
<testsuite hostname="DESKTOP-ET7TTIO" failures="0" tests="2" name="dependsonmethod.a1" time="0.031" errors="0" timestamp="2023-01-02T10:07:28 IST" skipped="0">
  <testcase classname="dependsonmethod.a1" name="login" time="0.026"/>
  <system-out>
    <![CDATA[Running login]]>
  </system-out>
  <testcase classname="dependsonmethod.a1" name="logout" time="0.005"/>
  <system-out>
    <![CDATA[Running logout]]>
  </system-out>
</testsuite> <!-- dependsonmethod.a1 -->
