<?xml version="1.0" encoding="UTF-8"?>
<!-- Generated by org.testng.reporters.JUnitReportReporter -->
<testsuite hostname="DESKTOP-ET7TTIO" failures="0" tests="1" name="asset_methods.a1" time="0.025" errors="0" timestamp="2023-01-05T22:06:56 IST" skipped="0">
  <testcase classname="asset_methods.a1" name="m1" time="0.025"/>
  <system-out>
    <![CDATA[running m1]]>
  </system-out>
</testsuite> <!-- asset_methods.a1 -->
