<?xml version="1.0" encoding="UTF-8"?>
<!-- Generated by org.testng.reporters.JUnitReportReporter -->
<testsuite hostname="DESKTOP-ET7TTIO" failures="0" tests="2" name="TestNG_enabled.a1" time="0.024" errors="0" timestamp="2023-01-04T16:42:46 IST" skipped="1">
  <testcase classname="TestNG_enabled.a1" name="test" time="0.024"/>
  <system-out>
    <![CDATA[TC1]]>
  </system-out>
  <testcase classname="TestNG_enabled.a1" name="test1">
    <skipped/>
  </testcase> <!-- test1 -->
  <system-out/>
</testsuite> <!-- TestNG_enabled.a1 -->
