<?xml version="1.0" encoding="UTF-8"?>
<!-- Generated by org.testng.reporters.JUnitReportReporter -->
<testsuite hostname="DESKTOP-ET7TTIO" failures="0" tests="3" name="TestNG_enabled.a4" time="0.020" errors="0" timestamp="2023-01-02T12:12:03 IST" skipped="2">
  <testcase classname="TestNG_enabled.a4" name="got3" time="0.020"/>
  <system-out>
    <![CDATA[3]]>
  </system-out>
  <testcase classname="TestNG_enabled.a4" name="got2">
    <skipped/>
  </testcase> <!-- got2 -->
  <system-out/>
  <testcase classname="TestNG_enabled.a4" name="got1">
    <skipped/>
  </testcase> <!-- got1 -->
  <system-out/>
</testsuite> <!-- TestNG_enabled.a4 -->
