<?xml version="1.0" encoding="UTF-8"?>
<!-- Generated by org.testng.reporters.JUnitReportReporter -->
<testsuite hostname="DESKTOP-ET7TTIO" failures="0" tests="1" name="testng.test1" time="0.025" errors="0" timestamp="2022-12-27T22:52:07 IST" skipped="0">
  <testcase classname="testng.test1" name="openApp" time="0.025"/>
  <system-out>
    <![CDATA[HI TestNG]]>
  </system-out>
</testsuite> <!-- testng.test1 -->
