<?xml version="1.0" encoding="UTF-8"?>
<!-- Generated by org.testng.reporters.JUnitReportReporter -->
<testsuite hostname="DESKTOP-ET7TTIO" failures="0" tests="1" name="pagefactory_TestNG.Test1" time="6.327" errors="0" timestamp="2023-01-17T15:36:32 IST" skipped="0">
  <testcase classname="pagefactory_TestNG.Test1" name="VerifyText" time="6.327"/>
  <system-out>
    <![CDATA[running VerifyText]]>
  </system-out>
</testsuite> <!-- pagefactory_TestNG.Test1 -->
