<?xml version="1.0" encoding="UTF-8"?>
<!-- Generated by org.testng.reporters.JUnitReportReporter -->
<testsuite hostname="DESKTOP-ET7TTIO" failures="0" tests="3" name="suite.sample2" time="0.024" errors="0" timestamp="2023-01-02T21:12:11 IST" skipped="0">
  <testcase classname="suite.sample2" name="test5" time="0.006"/>
  <system-out>
    <![CDATA[test case5]]>
  </system-out>
  <testcase classname="suite.sample2" name="test4" time="0.003"/>
  <system-out>
    <![CDATA[test case4]]>
  </system-out>
  <testcase classname="suite.sample2" name="test6" time="0.015"/>
  <system-out>
    <![CDATA[test case6]]>
  </system-out>
</testsuite> <!-- suite.sample2 -->
