<?xml version="1.0" encoding="UTF-8"?>
<!-- Generated by org.testng.reporters.JUnitReportReporter -->
<testsuite hostname="DESKTOP-ET7TTIO" failures="0" tests="2" name="TestNG_enabled.a3" time="0.022" errors="0" timestamp="2023-01-02T12:07:54 IST" skipped="1">
  <testcase classname="TestNG_enabled.a3" name="dmo2" time="0.022"/>
  <system-out>
    <![CDATA[2]]>
  </system-out>
  <testcase classname="TestNG_enabled.a3" name="demo1">
    <skipped/>
  </testcase> <!-- demo1 -->
  <system-out/>
</testsuite> <!-- TestNG_enabled.a3 -->
