<?xml version="1.0" encoding="UTF-8"?>
<!-- Generated by org.testng.reporters.JUnitReportReporter -->
<testsuite hostname="DESKTOP-ET7TTIO" failures="0" tests="1" name="Test_Annotations.a2" time="0.015" errors="0" timestamp="2023-01-04T15:36:32 IST" skipped="0">
  <testcase classname="Test_Annotations.a2" name="VerifyTest" time="0.015"/>
  <system-out>
    <![CDATA[Running verify userId TC]]>
  </system-out>
</testsuite> <!-- Test_Annotations.a2 -->
