<?xml version="1.0" encoding="UTF-8"?>
<!-- Generated by org.testng.reporters.JUnitReportReporter -->
<testsuite hostname="DESKTOP-ET7TTIO" failures="0" tests="2" name="dependsonmethod.a5" time="0.025" errors="0" timestamp="2023-01-02T10:37:27 IST" skipped="0">
  <testcase classname="dependsonmethod.a5" name="logIn" time="0.022"/>
  <system-out>
    <![CDATA[Running logIn]]>
  </system-out>
  <testcase classname="dependsonmethod.a5" name="logOut" time="0.003"/>
  <system-out>
    <![CDATA[Running logOut]]>
  </system-out>
</testsuite> <!-- dependsonmethod.a5 -->
