<?xml version="1.0" encoding="UTF-8"?>
<!-- Generated by org.testng.reporters.JUnitReportReporter -->
<testsuite hostname="DESKTOP-ET7TTIO" failures="0" tests="3" name="TestNG_Priority.a3" time="0.027" errors="0" timestamp="2023-01-02T11:52:27 IST" skipped="0">
  <testcase classname="TestNG_Priority.a3" name="d3" time="0.003"/>
  <system-out>
    <![CDATA[tc-1]]>
  </system-out>
  <testcase classname="TestNG_Priority.a3" name="d1" time="0.021"/>
  <system-out>
    <![CDATA[tc-2]]>
  </system-out>
  <testcase classname="TestNG_Priority.a3" name="d2" time="0.003"/>
  <system-out>
    <![CDATA[tc-3]]>
  </system-out>
</testsuite> <!-- TestNG_Priority.a3 -->
